Start testing: May 11 18:52 MSK
----------------------------------------------------------
1/3 Testing: AccountTest.GetBalance
1/3 Test: AccountTest.GetBalance
Command: "/home/vboxuser/lab05/build/tests" "--gtest_filter=AccountTest.GetBalance" "--gtest_also_run_disabled_tests"
Directory: /home/vboxuser/lab05/build
"AccountTest.GetBalance" start time: May 11 18:52 MSK
Output:
----------------------------------------------------------
Running main() from /home/vboxuser/lab05/build/_deps/googletest-src/googletest/src/gtest_main.cc
Note: Google Test filter = AccountTest.GetBalance
[==========] Running 1 test from 1 test suite.
[----------] Global test environment set-up.
[----------] 1 test from AccountTest
[ RUN      ] AccountTest.GetBalance
[       OK ] AccountTest.GetBalance (0 ms)
[----------] 1 test from AccountTest (0 ms total)

[----------] Global test environment tear-down
[==========] 1 test from 1 test suite ran. (0 ms total)
[  PASSED  ] 1 test.
<end of output>
Test time =   0.01 sec
----------------------------------------------------------
Test Passed.
"AccountTest.GetBalance" end time: May 11 18:52 MSK
"AccountTest.GetBalance" time elapsed: 00:00:00
----------------------------------------------------------

2/3 Testing: AccountTest.ChangeBalance
2/3 Test: AccountTest.ChangeBalance
Command: "/home/vboxuser/lab05/build/tests" "--gtest_filter=AccountTest.ChangeBalance" "--gtest_also_run_disabled_tests"
Directory: /home/vboxuser/lab05/build
"AccountTest.ChangeBalance" start time: May 11 18:52 MSK
Output:
----------------------------------------------------------
Running main() from /home/vboxuser/lab05/build/_deps/googletest-src/googletest/src/gtest_main.cc
Note: Google Test filter = AccountTest.ChangeBalance
[==========] Running 1 test from 1 test suite.
[----------] Global test environment set-up.
[----------] 1 test from AccountTest
[ RUN      ] AccountTest.ChangeBalance
[       OK ] AccountTest.ChangeBalance (1 ms)
[----------] 1 test from AccountTest (1 ms total)

[----------] Global test environment tear-down
[==========] 1 test from 1 test suite ran. (1 ms total)
[  PASSED  ] 1 test.
<end of output>
Test time =   0.01 sec
----------------------------------------------------------
Test Passed.
"AccountTest.ChangeBalance" end time: May 11 18:52 MSK
"AccountTest.ChangeBalance" time elapsed: 00:00:00
----------------------------------------------------------

3/3 Testing: TransactionTest.MakeTransaction
3/3 Test: TransactionTest.MakeTransaction
Command: "/home/vboxuser/lab05/build/tests" "--gtest_filter=TransactionTest.MakeTransaction" "--gtest_also_run_disabled_tests"
Directory: /home/vboxuser/lab05/build
"TransactionTest.MakeTransaction" start time: May 11 18:52 MSK
Output:
----------------------------------------------------------
Running main() from /home/vboxuser/lab05/build/_deps/googletest-src/googletest/src/gtest_main.cc
Note: Google Test filter = TransactionTest.MakeTransaction
[==========] Running 1 test from 1 test suite.
[----------] Global test environment set-up.
[----------] 1 test from TransactionTest
[ RUN      ] TransactionTest.MakeTransaction
1 send to 2 $100
Balance 1 is 399
Balance 2 is 200
3 send to 2 $100
Balance 3 is 101
Balance 2 is 300
[       OK ] TransactionTest.MakeTransaction (0 ms)
[----------] 1 test from TransactionTest (0 ms total)

[----------] Global test environment tear-down
[==========] 1 test from 1 test suite ran. (0 ms total)
[  PASSED  ] 1 test.
<end of output>
Test time =   0.01 sec
----------------------------------------------------------
Test Passed.
"TransactionTest.MakeTransaction" end time: May 11 18:52 MSK
"TransactionTest.MakeTransaction" time elapsed: 00:00:00
----------------------------------------------------------

End testing: May 11 18:52 MSK
